<?xml version="1.0" encoding="UTF-8"?>
<!-- Generated by org.testng.reporters.JUnitReportReporter -->
<testsuite hostname="MININT-MHB0C7K" name="com.fanniemae.testcases.LoginTestCase" tests="1" failures="0" timestamp="20 Jul 2017 18:19:40 GMT" time="3.036" errors="0">
  <testcase name="tc_Login" time="3.036" classname="com.fanniemae.testcases.LoginTestCase"/>
</testsuite> <!-- com.fanniemae.testcases.LoginTestCase -->
